#
# There is insufficient memory for the Java Runtime Environment to continue.
# Native memory allocation (malloc) failed to allocate 1277456 bytes for Chunk::new
# Possible reasons:
#   The system is out of physical RAM or swap space
#   In 32 bit mode, the process size limit was hit
# Possible solutions:
#   Reduce memory load on the system
#   Increase physical memory or swap space
#   Check if swap backing store is full
#   Use 64 bit Java on a 64 bit OS
#   Decrease Java heap size (-Xmx/-Xms)
#   Decrease number of Java threads
#   Decrease Java thread stack sizes (-Xss)
#   Set larger code cache with -XX:ReservedCodeCacheSize=
# This output file may be truncated or incomplete.
#
#  Out of Memory Error (allocation.cpp:390), pid=5396, tid=0x0000000000002ec8
#
# JRE version: OpenJDK Runtime Environment (8.0_76-b03) (build 1.8.0_76-release-b03)
# Java VM: OpenJDK 64-Bit Server VM (25.76-b03 mixed mode windows-amd64 compressed oops)
# Failed to write core dump. Minidumps are not enabled by default on client versions of Windows
#

---------------  T H R E A D  ---------------

Current thread (0x0000000015140000):  JavaThread "C2 CompilerThread1" daemon [_thread_in_native, id=11976, stack(0x00000000168a0000,0x00000000169a0000)]

Stack: [0x00000000168a0000,0x00000000169a0000]
[error occurred during error reporting (printing stack bounds), id 0xc0000005]

Native frames: (J=compiled Java code, j=interpreted, Vv=VM code, C=native code)


Current CompileTask:
C2:   4637 1851       4       com.android.dx.dex.code.RopToDop::dopFor (792 bytes)


---------------  P R O C E S S  ---------------

Java Threads: ( => current thread )
  0x00000000169ac000 JavaThread "Service Thread" daemon [_thread_blocked, id=7868, stack(0x0000000016ea0000,0x0000000016fa0000)]
  0x00000000169a8800 JavaThread "C1 CompilerThread2" daemon [_thread_blocked, id=5176, stack(0x0000000016da0000,0x0000000016ea0000)]
=>0x0000000015140000 JavaThread "C2 CompilerThread1" daemon [_thread_in_native, id=11976, stack(0x00000000168a0000,0x00000000169a0000)]
  0x000000001513c000 JavaThread "C2 CompilerThread0" daemon [_thread_in_native, id=11600, stack(0x00000000167a0000,0x00000000168a0000)]
  0x000000001513a800 JavaThread "Attach Listener" daemon [_thread_blocked, id=332, stack(0x00000000166a0000,0x00000000167a0000)]
  0x0000000002a6e800 JavaThread "Signal Dispatcher" daemon [_thread_blocked, id=7636, stack(0x00000000165a0000,0x00000000166a0000)]
  0x0000000015128800 JavaThread "Finalizer" daemon [_thread_blocked, id=7780, stack(0x00000000163a0000,0x00000000164a0000)]
  0x0000000002a61000 JavaThread "Reference Handler" daemon [_thread_blocked, id=11288, stack(0x00000000162a0000,0x00000000163a0000)]
  0x0000000002970800 JavaThread "main" [_thread_in_Java, id=1928, stack(0x0000000002770000,0x0000000002870000)]

Other Threads:
  0x0000000015104800 VMThread [stack: 0x00000000161a0000,0x00000000162a0000] [id=1932]
  0x00000000169ae000 WatcherThread [stack: 0x0000000016fa0000,0x00000000170a0000] [id=2180]

VM state:not at safepoint (normal execution)

VM Mutex/Monitor currently owned by a thread: None

Heap:
 PSYoungGen      total 204800K, used 51440K [0x00000000eab00000, 0x00000000f7b00000, 0x0000000100000000)
  eden space 196608K, 22% used [0x00000000eab00000,0x00000000ed541990,0x00000000f6b00000)
  from space 8192K, 99% used [0x00000000f7300000,0x00000000f7afa730,0x00000000f7b00000)
  to   space 8192K, 0% used [0x00000000f6b00000,0x00000000f6b00000,0x00000000f7300000)
 ParOldGen       total 131072K, used 34456K [0x00000000c0000000, 0x00000000c8000000, 0x00000000eab00000)
  object space 131072K, 26% used [0x00000000c0000000,0x00000000c21a63f0,0x00000000c8000000)
 Metaspace       used 6622K, capacity 7408K, committed 7552K, reserved 1056768K
  class space    used 590K, capacity 616K, committed 640K, reserved 1048576K

Card table byte_map: [0x0000000011e30000,0x0000000012040000] byte_map_base: 0x0000000011830000

Marking Bits: (ParMarkBitMap*) 0x000000006c389d00
 Begin Bits: [0x00000000125a0000, 0x00000000135a0000)
 End Bits:   [0x00000000135a0000, 0x00000000145a0000)

Polling page: 0x00000000026b0000

CodeCache: size=245760Kb used=8386Kb max_used=8386Kb free=237373Kb
 bounds [0x0000000002a70000, 0x00000000032b0000, 0x0000000011a70000]
 total_blobs=2455 nmethods=2187 adapters=181
 compilation: enabled

Compilation events (10 events):
Event: 4.633 Thread 0x00000000169a8800 2243       1       com.android.dx.rop.cst.CstKnownNull::getIntBits (2 bytes)
Event: 4.633 Thread 0x00000000169a8800 nmethod 2243 0x00000000032a4550 code [0x00000000032a46a0, 0x00000000032a47b0]
Event: 4.633 Thread 0x00000000169a8800 2232       2       com.android.dx.dex.code.DalvInsnList::codeSize (24 bytes)
Event: 4.633 Thread 0x00000000169a8800 nmethod 2232 0x00000000032a4810 code [0x00000000032a49a0, 0x00000000032a4c68]
Event: 4.633 Thread 0x00000000169a8800 2255       2       com.android.dx.dex.file.OffsettedItem::setWriteSize (37 bytes)
Event: 4.634 Thread 0x00000000169a8800 nmethod 2255 0x00000000032a4e90 code [0x00000000032a5020, 0x00000000032a52d8]
Event: 4.634 Thread 0x00000000169a8800 2249       1       com.android.dx.dex.code.form.Form12x::codeSize (2 bytes)
Event: 4.634 Thread 0x00000000169a8800 nmethod 2249 0x00000000032a5450 code [0x00000000032a55a0, 0x00000000032a56b0]
Event: 4.634 Thread 0x00000000169a8800 2244       1       com.android.dx.dex.code.CatchHandlerList$Entry::getExceptionType (5 bytes)
Event: 4.634 Thread 0x00000000169a8800 nmethod 2244 0x00000000032a5710 code [0x00000000032a5860, 0x00000000032a5970]

GC Heap History (8 events):
Event: 2.313 GC heap before
{Heap before GC invocations=1 (full 0):
 PSYoungGen      total 57344K, used 49152K [0x00000000eab00000, 0x00000000eeb00000, 0x0000000100000000)
  eden space 49152K, 100% used [0x00000000eab00000,0x00000000edb00000,0x00000000edb00000)
  from space 8192K, 0% used [0x00000000ee300000,0x00000000ee300000,0x00000000eeb00000)
  to   space 8192K, 0% used [0x00000000edb00000,0x00000000edb00000,0x00000000ee300000)
 ParOldGen       total 131072K, used 0K [0x00000000c0000000, 0x00000000c8000000, 0x00000000eab00000)
  object space 131072K, 0% used [0x00000000c0000000,0x00000000c0000000,0x00000000c8000000)
 Metaspace       used 6001K, capacity 6960K, committed 7040K, reserved 1056768K
  class space    used 573K, capacity 616K, committed 640K, reserved 1048576K
Event: 2.342 GC heap after
Heap after GC invocations=1 (full 0):
 PSYoungGen      total 57344K, used 7922K [0x00000000eab00000, 0x00000000f1b00000, 0x0000000100000000)
  eden space 49152K, 0% used [0x00000000eab00000,0x00000000eab00000,0x00000000edb00000)
  from space 8192K, 96% used [0x00000000edb00000,0x00000000ee2bca68,0x00000000ee300000)
  to   space 8192K, 0% used [0x00000000f1300000,0x00000000f1300000,0x00000000f1b00000)
 ParOldGen       total 131072K, used 16K [0x00000000c0000000, 0x00000000c8000000, 0x00000000eab00000)
  object space 131072K, 0% used [0x00000000c0000000,0x00000000c0004000,0x00000000c8000000)
 Metaspace       used 6001K, capacity 6960K, committed 7040K, reserved 1056768K
  class space    used 573K, capacity 616K, committed 640K, reserved 1048576K
}
Event: 2.652 GC heap before
{Heap before GC invocations=2 (full 0):
 PSYoungGen      total 57344K, used 57074K [0x00000000eab00000, 0x00000000f1b00000, 0x0000000100000000)
  eden space 49152K, 100% used [0x00000000eab00000,0x00000000edb00000,0x00000000edb00000)
  from space 8192K, 96% used [0x00000000edb00000,0x00000000ee2bca68,0x00000000ee300000)
  to   space 8192K, 0% used [0x00000000f1300000,0x00000000f1300000,0x00000000f1b00000)
 ParOldGen       total 131072K, used 16K [0x00000000c0000000, 0x00000000c8000000, 0x00000000eab00000)
  object space 131072K, 0% used [0x00000000c0000000,0x00000000c0004000,0x00000000c8000000)
 Metaspace       used 6175K, capacity 7088K, committed 7296K, reserved 1056768K
  class space    used 574K, capacity 616K, committed 640K, reserved 1048576K
Event: 2.676 GC heap after
Heap after GC invocations=2 (full 0):
 PSYoungGen      total 106496K, used 8174K [0x00000000eab00000, 0x00000000f1b00000, 0x0000000100000000)
  eden space 98304K, 0% used [0x00000000eab00000,0x00000000eab00000,0x00000000f0b00000)
  from space 8192K, 99% used [0x00000000f1300000,0x00000000f1afb888,0x00000000f1b00000)
  to   space 8192K, 0% used [0x00000000f0b00000,0x00000000f0b00000,0x00000000f1300000)
 ParOldGen       total 131072K, used 4537K [0x00000000c0000000, 0x00000000c8000000, 0x00000000eab00000)
  object space 131072K, 3% used [0x00000000c0000000,0x00000000c046e4b8,0x00000000c8000000)
 Metaspace       used 6175K, capacity 7088K, committed 7296K, reserved 1056768K
  class space    used 574K, capacity 616K, committed 640K, reserved 1048576K
}
Event: 3.478 GC heap before
{Heap before GC invocations=3 (full 0):
 PSYoungGen      total 106496K, used 106478K [0x00000000eab00000, 0x00000000f1b00000, 0x0000000100000000)
  eden space 98304K, 100% used [0x00000000eab00000,0x00000000f0b00000,0x00000000f0b00000)
  from space 8192K, 99% used [0x00000000f1300000,0x00000000f1afb888,0x00000000f1b00000)
  to   space 8192K, 0% used [0x00000000f0b00000,0x00000000f0b00000,0x00000000f1300000)
 ParOldGen       total 131072K, used 4537K [0x00000000c0000000, 0x00000000c8000000, 0x00000000eab00000)
  object space 131072K, 3% used [0x00000000c0000000,0x00000000c046e4b8,0x00000000c8000000)
 Metaspace       used 6313K, capacity 7152K, committed 7296K, reserved 1056768K
  class space    used 575K, capacity 616K, committed 640K, reserved 1048576K
Event: 3.525 GC heap after
Heap after GC invocations=3 (full 0):
 PSYoungGen      total 106496K, used 8166K [0x00000000eab00000, 0x00000000f7b00000, 0x0000000100000000)
  eden space 98304K, 0% used [0x00000000eab00000,0x00000000eab00000,0x00000000f0b00000)
  from space 8192K, 99% used [0x00000000f0b00000,0x00000000f12f9950,0x00000000f1300000)
  to   space 8192K, 0% used [0x00000000f7300000,0x00000000f7300000,0x00000000f7b00000)
 ParOldGen       total 131072K, used 18722K [0x00000000c0000000, 0x00000000c8000000, 0x00000000eab00000)
  object space 131072K, 14% used [0x00000000c0000000,0x00000000c1248900,0x00000000c8000000)
 Metaspace       used 6313K, capacity 7152K, committed 7296K, reserved 1056768K
  class space    used 575K, capacity 616K, committed 640K, reserved 1048576K
}
Event: 3.900 GC heap before
{Heap before GC invocations=4 (full 0):
 PSYoungGen      total 106496K, used 106470K [0x00000000eab00000, 0x00000000f7b00000, 0x0000000100000000)
  eden space 98304K, 100% used [0x00000000eab00000,0x00000000f0b00000,0x00000000f0b00000)
  from space 8192K, 99% used [0x00000000f0b00000,0x00000000f12f9950,0x00000000f1300000)
  to   space 8192K, 0% used [0x00000000f7300000,0x00000000f7300000,0x00000000f7b00000)
 ParOldGen       total 131072K, used 18722K [0x00000000c0000000, 0x00000000c8000000, 0x00000000eab00000)
  object space 131072K, 14% used [0x00000000c0000000,0x00000000c1248900,0x00000000c8000000)
 Metaspace       used 6356K, capacity 7216K, committed 7296K, reserved 1056768K
  class space    used 575K, capacity 616K, committed 640K, reserved 1048576K
Event: 3.945 GC heap after
Heap after GC invocations=4 (full 0):
 PSYoungGen      total 204800K, used 8169K [0x00000000eab00000, 0x00000000f7b00000, 0x0000000100000000)
  eden space 196608K, 0% used [0x00000000eab00000,0x00000000eab00000,0x00000000f6b00000)
  from space 8192K, 99% used [0x00000000f7300000,0x00000000f7afa730,0x00000000f7b00000)
  to   space 8192K, 0% used [0x00000000f6b00000,0x00000000f6b00000,0x00000000f7300000)
 ParOldGen       total 131072K, used 34456K [0x00000000c0000000, 0x00000000c8000000, 0x00000000eab00000)
  object space 131072K, 26% used [0x00000000c0000000,0x00000000c21a63f0,0x00000000c8000000)
 Metaspace       used 6356K, capacity 7216K, committed 7296K, reserved 1056768K
  class space    used 575K, capacity 616K, committed 640K, reserved 1048576K
}

Deoptimization events (10 events):
Event: 2.754 Thread 0x0000000016bea800 Uncommon trap: reason=bimorphic action=maybe_recompile pc=0x0000000003030e2c method=com.android.dx.ssa.LiteralOpUpgrader.tryReplacingWithConstant(Lcom/android/dx/ssa/NormalSsaInsn;)Z @ 52
Event: 2.863 Thread 0x0000000016bec000 Uncommon trap: reason=unstable_if action=reinterpret pc=0x0000000003074b14 method=com.android.dx.ssa.MoveParamCombiner$1.visitNonMoveInsn(Lcom/android/dx/ssa/NormalSsaInsn;)V @ 27
Event: 3.618 Thread 0x0000000016beb000 Uncommon trap: reason=bimorphic action=maybe_recompile pc=0x00000000031491a0 method=com.android.dx.cf.code.BytecodeArray.parseInstruction(ILcom/android/dx/cf/code/BytecodeArray$Visitor;)I @ 2281
Event: 3.618 Thread 0x0000000016beb000 Uncommon trap: reason=bimorphic action=maybe_recompile pc=0x00000000031491a0 method=com.android.dx.cf.code.BytecodeArray.parseInstruction(ILcom/android/dx/cf/code/BytecodeArray$Visitor;)I @ 2281
Event: 4.003 Thread 0x0000000016bec000 Uncommon trap: reason=bimorphic action=maybe_recompile pc=0x0000000003175b80 method=com.android.dx.cf.code.RopperMachine.run(Lcom/android/dx/cf/code/Frame;II)V @ 988
Event: 4.068 Thread 0x0000000002970800 Uncommon trap: reason=class_check action=maybe_recompile pc=0x0000000002e407c8 method=java.util.Arrays.hashCode([Ljava/lang/Object;)I @ 43
Event: 4.068 Thread 0x0000000002970800 Uncommon trap: reason=class_check action=maybe_recompile pc=0x0000000002e407c8 method=java.util.Arrays.hashCode([Ljava/lang/Object;)I @ 43
Event: 4.068 Thread 0x0000000002970800 Uncommon trap: reason=class_check action=maybe_recompile pc=0x0000000002e407c8 method=java.util.Arrays.hashCode([Ljava/lang/Object;)I @ 43
Event: 4.068 Thread 0x0000000002970800 Uncommon trap: reason=class_check action=maybe_recompile pc=0x0000000002e407c8 method=java.util.Arrays.hashCode([Ljava/lang/Object;)I @ 43
Event: 4.068 Thread 0x0000000002970800 Uncommon trap: reason=class_check action=maybe_recompile pc=0x0000000002e1eb74 method=java.util.Arrays.hashCode([Ljava/lang/Object;)I @ 43

Internal exceptions (2 events):
Event: 1.112 Thread 0x0000000002970800 Exception <a 'java/lang/NoSuchMethodError': Method sun.misc.Unsafe.defineClass(Ljava/lang/String;[BII)Ljava/lang/Class; name or signature does not match> (0x00000000eab07cc0) thrown at [C:\src\android\AOSP-openjdk\external\jetbrains\jdk\hotspot\src\share\vÏCÎ—¬Éñ?
Event: 1.112 Thread 0x0000000002970800 Exception <a 'java/lang/NoSuchMethodError': Method sun.misc.Unsafe.prefetchRead(Ljava/lang/Object;J)V name or signature does not match> (0x00000000eab07fa8) thrown at [C:\src\android\AOSP-openjdk\external\jetbrains\jdk\hotspot\src\share\vm\prims\jni.cpp, l

Events (10 events):
Event: 4.623 Thread 0x0000000002970800 DEOPT PACKING pc=0x000000000324ecee sp=0x000000000286eb10
Event: 4.623 Thread 0x0000000002970800 DEOPT UNPACKING pc=0x0000000002ab75bf sp=0x000000000286e890 mode 0
Event: 4.624 Thread 0x0000000002970800 DEOPT PACKING pc=0x000000000325b331 sp=0x000000000286eb00
Event: 4.624 Thread 0x0000000002970800 DEOPT UNPACKING pc=0x0000000002ab75bf sp=0x000000000286e878 mode 0
Event: 4.628 Thread 0x0000000002970800 DEOPT PACKING pc=0x00000000032578f1 sp=0x000000000286ead0
Event: 4.628 Thread 0x0000000002970800 DEOPT UNPACKING pc=0x0000000002ab75bf sp=0x000000000286e888 mode 0
Event: 4.628 Thread 0x0000000002970800 DEOPT PACKING pc=0x0000000003259067 sp=0x000000000286eaf0
Event: 4.628 Thread 0x0000000002970800 DEOPT UNPACKING pc=0x0000000002ab75bf sp=0x000000000286e8b8 mode 0
Event: 4.629 Thread 0x0000000002970800 DEOPT PACKING pc=0x000000000325a6d0 sp=0x000000000286eb80
Event: 4.629 Thread 0x0000000002970800 DEOPT UNPACKING pc=0x0000000002ab75bf sp=0x000000000286e8e0 mode 0


Dynamic libraries:
0x00007ff6e1720000 - 0x00007ff6e1751000 	C:\Program Files\Android\Android Studio\jre\bin\java.exe
0x00007ffdea410000 - 0x00007ffdea5e1000 	C:\Windows\SYSTEM32\ntdll.dll
0x00007ffde7aa0000 - 0x00007ffde7b4b000 	C:\Windows\System32\KERNEL32.DLL
0x00007ffde6be0000 - 0x00007ffde6dfd000 	C:\Windows\System32\KERNELBASE.dll
0x00007ffde9a50000 - 0x00007ffde9af2000 	C:\Windows\System32\ADVAPI32.dll
0x00007ffde7bb0000 - 0x00007ffde7c4e000 	C:\Windows\System32\msvcrt.dll
0x00007ffde7df0000 - 0x00007ffde7e49000 	C:\Windows\System32\sechost.dll
0x00007ffde9920000 - 0x00007ffde9a41000 	C:\Windows\System32\RPCRT4.dll
0x00007ffde7f90000 - 0x00007ffde80f5000 	C:\Windows\System32\USER32.dll
0x00007ffde7980000 - 0x00007ffde799e000 	C:\Windows\System32\win32u.dll
0x00007ffdea360000 - 0x00007ffdea394000 	C:\Windows\System32\GDI32.dll
0x00007ffde6a50000 - 0x00007ffde6bd2000 	C:\Windows\System32\gdi32full.dll
0x00007ffddac10000 - 0x00007ffddae89000 	C:\Windows\WinSxS\amd64_microsoft.windows.common-controls_6595b64144ccf1df_6.0.14393.447_none_42191651c6827bb3\COMCTL32.dll
0x00007ffde9b00000 - 0x00007ffde9dc8000 	C:\Windows\System32\combase.dll
0x00007ffde7820000 - 0x00007ffde7915000 	C:\Windows\System32\ucrtbase.dll
0x00007ffde7530000 - 0x00007ffde759a000 	C:\Windows\System32\bcryptPrimitives.dll
0x00007ffde7dc0000 - 0x00007ffde7dee000 	C:\Windows\System32\IMM32.DLL
0x000000006ba10000 - 0x000000006bae2000 	C:\Program Files\Android\Android Studio\jre\jre\bin\msvcr100.dll
0x000000006bbd0000 - 0x000000006c404000 	C:\Program Files\Android\Android Studio\jre\jre\bin\server\jvm.dll
0x00007ffde8400000 - 0x00007ffde8408000 	C:\Windows\System32\PSAPI.DLL
0x00007ffdd1c00000 - 0x00007ffdd1c09000 	C:\Windows\SYSTEM32\WSOCK32.dll
0x00007ffdea3a0000 - 0x00007ffdea40a000 	C:\Windows\System32\WS2_32.dll
0x00007ffde4c30000 - 0x00007ffde4c53000 	C:\Windows\SYSTEM32\WINMM.dll
0x00007ffdd7060000 - 0x00007ffdd706a000 	C:\Windows\SYSTEM32\VERSION.dll
0x00007ffde4bd0000 - 0x00007ffde4bfb000 	C:\Windows\SYSTEM32\WINMMBASE.dll
0x00007ffde6e00000 - 0x00007ffde6e42000 	C:\Windows\System32\cfgmgr32.dll
0x00007ffdd9fc0000 - 0x00007ffdd9fcf000 	C:\Program Files\Android\Android Studio\jre\jre\bin\verify.dll
0x00007ffdd3fd0000 - 0x00007ffdd3ff9000 	C:\Program Files\Android\Android Studio\jre\jre\bin\java.dll
0x00007ffdd3940000 - 0x00007ffdd3956000 	C:\Program Files\Android\Android Studio\jre\jre\bin\zip.dll
0x00007ffde8410000 - 0x00007ffde9919000 	C:\Windows\System32\SHELL32.dll
0x00007ffde6e50000 - 0x00007ffde752a000 	C:\Windows\System32\windows.storage.dll
0x00007ffde6880000 - 0x00007ffde68cc000 	C:\Windows\System32\powrprof.dll
0x00007ffdea300000 - 0x00007ffdea352000 	C:\Windows\System32\shlwapi.dll
0x00007ffde6870000 - 0x00007ffde687f000 	C:\Windows\System32\kernel.appcore.dll
0x00007ffde7770000 - 0x00007ffde7819000 	C:\Windows\System32\shcore.dll
0x00007ffde68e0000 - 0x00007ffde68f4000 	C:\Windows\System32\profapi.dll

VM Arguments:
jvm_args: -Djava.awt.headless=true -Xmx1024M -Dfile.encoding=windows-1252 -Duser.country=BR -Duser.language=pt -Duser.variant 
java_command: com.android.dx.command.Main --dex --num-threads=4 --output C:\Users\emanu\workspace_android\FinalProject\app\build\intermediates\pre-dexed\debug\com.google.android.gms-play-services-basement-9.8.0_430ebe7a572a738c7f9ac16f82f1e7b48c3ddf60.jar C:\Users\emanu\workspace_android\FinalProject\app\build\intermediates\exploded-aar\com.google.android.gms\play-services-basement\9.8.0\jars\classes.jar
java_class_path (initial): C:\Users\Public\Documents\sdk\build-tools\24.0.3\lib\dx.jar
Launcher Type: SUN_STANDARD

Environment Variables:
JAVA_HOME=C:\Program Files\Java\jdk1.8.0_101
PATH=C:\ProgramData\Oracle\Java\javapath;C:\Windows\system32;C:\Windows;C:\Windows\System32\Wbem;C:\Program Files\Java\jre1.8.0_101\bin;C:\Program Files\Git\cmd;C:\wamp64\bin\php\php7.0.10;C:\Program Files (x86)\AMD\ATI.ACE\Core-Static;C:\ProgramData\ComposerSetup\bin;C:\Windows\system32\config\systemprofile\.dnx\bin;C:\Program Files\Microsoft DNX\Dnvm\;C:\Program Files\Microsoft SQL Server\130\Tools\Binn\;C:\Program Files\MySQL\MySQL Utilities 1.6\;C:\Program Files\nodejs\;C:\Go\bin;C:\Program Files\Android\Android Studio\gradle\gradle-3.2.1\bin;C:\Program Files\Java\jdk1.8.0_101\bin;C:\Users\Public\Documents\sdk\platform-tools;C:\Program Files (x86)\ATI Technologies\ATI.ACE\Core-Static;C:\Users\emanu\AppData\Local\Microsoft\WindowsApps;C:\Users\emanu\AppData\Roaming\Composer\vendor\bin;C:\Users\emanu\AppData\Roaming\npm;C:\Program Files (x86)\Microsoft VS Code\bin
USERNAME=emanu
OS=Windows_NT
PROCESSOR_IDENTIFIER=Intel64 Family 6 Model 69 Stepping 1, GenuineIntel



---------------  S Y S T E M  ---------------

OS: Windows 10.0 , 64 bit Build 14393 (10.0.14393.0)

CPU:total 4 (2 cores per cpu, 2 threads per core) family 6 model 69 stepping 1, cmov, cx8, fxsr, mmx, sse, sse2, sse3, ssse3, sse4.1, sse4.2, popcnt, avx, avx2, aes, clmul, erms, lzcnt, ht, tsc, tscinvbit, bmi1, bmi2

Memory: 4k page, physical 12461016k(1447612k free), swap 13509592k(8592k free)

vm_info: OpenJDK 64-Bit Server VM (25.76-b03) for windows-amd64 JRE (1.8.0_76-release-b03), built on Jun 29 2016 19:09:20 by "ralucas" with MS VC++ 10.0 (VS2010)

time: Thu Feb 02 01:49:12 2017
elapsed time: 4 seconds (0d 0h 0m 4s)

